  CEA_UFMG_plugin.cpp
C:\Users\LSV-PC0\Desktop\Simulador de Voo CEA\Plugins for XPlane 11\CEA_Plugin\PracticalSocket.h(71,49): warning C4290: especificação de exceção de C++ ignorada exceto para indicar que a função não é __declspec(nothrow)
C:\Users\LSV-PC0\Desktop\Simulador de Voo CEA\Plugins for XPlane 11\CEA_Plugin\PracticalSocket.h(78,54): warning C4290: especificação de exceção de C++ ignorada exceto para indicar que a função não é __declspec(nothrow)
C:\Users\LSV-PC0\Desktop\Simulador de Voo CEA\Plugins for XPlane 11\CEA_Plugin\PracticalSocket.h(86,68): warning C4290: especificação de exceção de C++ ignorada exceto para indicar que a função não é __declspec(nothrow)
C:\Users\LSV-PC0\Desktop\Simulador de Voo CEA\Plugins for XPlane 11\CEA_Plugin\PracticalSocket.h(97,56): warning C4290: especificação de exceção de C++ ignorada exceto para indicar que a função não é __declspec(nothrow)
C:\Users\LSV-PC0\Desktop\Simulador de Voo CEA\Plugins for XPlane 11\CEA_Plugin\PracticalSocket.h(112,46): warning C4290: especificação de exceção de C++ ignorada exceto para indicar que a função não é __declspec(nothrow)
C:\Users\LSV-PC0\Desktop\Simulador de Voo CEA\Plugins for XPlane 11\CEA_Plugin\PracticalSocket.h(130,9): warning C4290: especificação de exceção de C++ ignorada exceto para indicar que a função não é __declspec(nothrow)
C:\Users\LSV-PC0\Desktop\Simulador de Voo CEA\Plugins for XPlane 11\CEA_Plugin\PracticalSocket.h(147,26): warning C4290: especificação de exceção de C++ ignorada exceto para indicar que a função não é __declspec(nothrow)
C:\Users\LSV-PC0\Desktop\Simulador de Voo CEA\Plugins for XPlane 11\CEA_Plugin\PracticalSocket.h(156,69): warning C4290: especificação de exceção de C++ ignorada exceto para indicar que a função não é __declspec(nothrow)
C:\Users\LSV-PC0\Desktop\Simulador de Voo CEA\Plugins for XPlane 11\CEA_Plugin\PracticalSocket.h(166,62): warning C4290: especificação de exceção de C++ ignorada exceto para indicar que a função não é __declspec(nothrow)
C:\Users\LSV-PC0\Desktop\Simulador de Voo CEA\Plugins for XPlane 11\CEA_Plugin\PracticalSocket.h(173,51): warning C4290: especificação de exceção de C++ ignorada exceto para indicar que a função não é __declspec(nothrow)
C:\Users\LSV-PC0\Desktop\Simulador de Voo CEA\Plugins for XPlane 11\CEA_Plugin\PracticalSocket.h(180,56): warning C4290: especificação de exceção de C++ ignorada exceto para indicar que a função não é __declspec(nothrow)
C:\Users\LSV-PC0\Desktop\Simulador de Voo CEA\Plugins for XPlane 11\CEA_Plugin\PracticalSocket.h(183,22): warning C4290: especificação de exceção de C++ ignorada exceto para indicar que a função não é __declspec(nothrow)
C:\Users\LSV-PC0\Desktop\Simulador de Voo CEA\Plugins for XPlane 11\CEA_Plugin\PracticalSocket.h(196,12): warning C4290: especificação de exceção de C++ ignorada exceto para indicar que a função não é __declspec(nothrow)
C:\Users\LSV-PC0\Desktop\Simulador de Voo CEA\Plugins for XPlane 11\CEA_Plugin\PracticalSocket.h(205,12): warning C4290: especificação de exceção de C++ ignorada exceto para indicar que a função não é __declspec(nothrow)
C:\Users\LSV-PC0\Desktop\Simulador de Voo CEA\Plugins for XPlane 11\CEA_Plugin\PracticalSocket.h(228,18): warning C4290: especificação de exceção de C++ ignorada exceto para indicar que a função não é __declspec(nothrow)
C:\Users\LSV-PC0\Desktop\Simulador de Voo CEA\Plugins for XPlane 11\CEA_Plugin\PracticalSocket.h(240,18): warning C4290: especificação de exceção de C++ ignorada exceto para indicar que a função não é __declspec(nothrow)
C:\Users\LSV-PC0\Desktop\Simulador de Voo CEA\Plugins for XPlane 11\CEA_Plugin\PracticalSocket.h(248,44): warning C4290: especificação de exceção de C++ ignorada exceto para indicar que a função não é __declspec(nothrow)
C:\Users\LSV-PC0\Desktop\Simulador de Voo CEA\Plugins for XPlane 11\CEA_Plugin\PracticalSocket.h(251,53): warning C4290: especificação de exceção de C++ ignorada exceto para indicar que a função não é __declspec(nothrow)
C:\Users\LSV-PC0\Desktop\Simulador de Voo CEA\Plugins for XPlane 11\CEA_Plugin\PracticalSocket.h(263,12): warning C4290: especificação de exceção de C++ ignorada exceto para indicar que a função não é __declspec(nothrow)
C:\Users\LSV-PC0\Desktop\Simulador de Voo CEA\Plugins for XPlane 11\CEA_Plugin\PracticalSocket.h(270,12): warning C4290: especificação de exceção de C++ ignorada exceto para indicar que a função não é __declspec(nothrow)
C:\Users\LSV-PC0\Desktop\Simulador de Voo CEA\Plugins for XPlane 11\CEA_Plugin\PracticalSocket.h(278,12): warning C4290: especificação de exceção de C++ ignorada exceto para indicar que a função não é __declspec(nothrow)
C:\Users\LSV-PC0\Desktop\Simulador de Voo CEA\Plugins for XPlane 11\CEA_Plugin\PracticalSocket.h(286,42): warning C4290: especificação de exceção de C++ ignorada exceto para indicar que a função não é __declspec(nothrow)
C:\Users\LSV-PC0\Desktop\Simulador de Voo CEA\Plugins for XPlane 11\CEA_Plugin\PracticalSocket.h(299,62): warning C4290: especificação de exceção de C++ ignorada exceto para indicar que a função não é __declspec(nothrow)
C:\Users\LSV-PC0\Desktop\Simulador de Voo CEA\Plugins for XPlane 11\CEA_Plugin\PracticalSocket.h(312,65): warning C4290: especificação de exceção de C++ ignorada exceto para indicar que a função não é __declspec(nothrow)
C:\Users\LSV-PC0\Desktop\Simulador de Voo CEA\Plugins for XPlane 11\CEA_Plugin\PracticalSocket.h(319,73): warning C4290: especificação de exceção de C++ ignorada exceto para indicar que a função não é __declspec(nothrow)
C:\Users\LSV-PC0\Desktop\Simulador de Voo CEA\Plugins for XPlane 11\CEA_Plugin\PracticalSocket.h(326,69): warning C4290: especificação de exceção de C++ ignorada exceto para indicar que a função não é __declspec(nothrow)
C:\Users\LSV-PC0\Desktop\Simulador de Voo CEA\Plugins for XPlane 11\CEA_Plugin\PracticalSocket.h(333,70): warning C4290: especificação de exceção de C++ ignorada exceto para indicar que a função não é __declspec(nothrow)
C:\Users\LSV-PC0\Desktop\Simulador de Voo CEA\Plugins for XPlane 11\CEA_Plugin\CEA_UFMG_plugin.cpp(296,32): warning C4244: '=': conversão de 'intptr_t' para 'int', possível perda de dados
C:\Users\LSV-PC0\Desktop\Simulador de Voo CEA\Plugins for XPlane 11\CEA_Plugin\CEA_UFMG_plugin.cpp(320,32): warning C4244: '=': conversão de 'intptr_t' para 'int', possível perda de dados
C:\Users\LSV-PC0\Desktop\Simulador de Voo CEA\Plugins for XPlane 11\CEA_Plugin\CEA_UFMG_plugin.cpp(324,84): warning C4305: 'argumento': truncamento de 'double' para 'float'
C:\Users\LSV-PC0\Desktop\Simulador de Voo CEA\Plugins for XPlane 11\CEA_Plugin\CEA_UFMG_plugin.cpp(343,7): warning C4101: 'Buffer': variável local não referenciada
C:\Users\LSV-PC0\Desktop\Simulador de Voo CEA\Plugins for XPlane 11\CEA_Plugin\CEA_UFMG_plugin.cpp(524,28): warning C4305: 'return': truncamento de 'double' para 'float'
C:\Users\LSV-PC0\Desktop\Simulador de Voo CEA\Plugins for XPlane 11\CEA_Plugin\CEA_UFMG_plugin.cpp(530,36): warning C4244: 'argumento': conversão de 'double' para 'float', possível perda de dados
C:\Users\LSV-PC0\Desktop\Simulador de Voo CEA\Plugins for XPlane 11\CEA_Plugin\CEA_UFMG_plugin.cpp(531,36): warning C4244: 'argumento': conversão de 'double' para 'float', possível perda de dados
C:\Users\LSV-PC0\Desktop\Simulador de Voo CEA\Plugins for XPlane 11\CEA_Plugin\CEA_UFMG_plugin.cpp(532,36): warning C4244: 'argumento': conversão de 'double' para 'float', possível perda de dados
C:\Users\LSV-PC0\Desktop\Simulador de Voo CEA\Plugins for XPlane 11\CEA_Plugin\CEA_UFMG_plugin.cpp(540,36): warning C4244: 'argumento': conversão de 'double' para 'float', possível perda de dados
C:\Users\LSV-PC0\Desktop\Simulador de Voo CEA\Plugins for XPlane 11\CEA_Plugin\CEA_UFMG_plugin.cpp(541,36): warning C4244: 'argumento': conversão de 'double' para 'float', possível perda de dados
C:\Users\LSV-PC0\Desktop\Simulador de Voo CEA\Plugins for XPlane 11\CEA_Plugin\CEA_UFMG_plugin.cpp(542,37): warning C4244: 'argumento': conversão de 'double' para 'float', possível perda de dados
  PracticalSocket.cpp
C:\Users\LSV-PC0\Desktop\Simulador de Voo CEA\Plugins for XPlane 11\CEA_Plugin\PracticalSocket.h(71,49): warning C4290: especificação de exceção de C++ ignorada exceto para indicar que a função não é __declspec(nothrow)
C:\Users\LSV-PC0\Desktop\Simulador de Voo CEA\Plugins for XPlane 11\CEA_Plugin\PracticalSocket.h(78,54): warning C4290: especificação de exceção de C++ ignorada exceto para indicar que a função não é __declspec(nothrow)
C:\Users\LSV-PC0\Desktop\Simulador de Voo CEA\Plugins for XPlane 11\CEA_Plugin\PracticalSocket.h(86,68): warning C4290: especificação de exceção de C++ ignorada exceto para indicar que a função não é __declspec(nothrow)
C:\Users\LSV-PC0\Desktop\Simulador de Voo CEA\Plugins for XPlane 11\CEA_Plugin\PracticalSocket.h(97,56): warning C4290: especificação de exceção de C++ ignorada exceto para indicar que a função não é __declspec(nothrow)
C:\Users\LSV-PC0\Desktop\Simulador de Voo CEA\Plugins for XPlane 11\CEA_Plugin\PracticalSocket.h(112,46): warning C4290: especificação de exceção de C++ ignorada exceto para indicar que a função não é __declspec(nothrow)
C:\Users\LSV-PC0\Desktop\Simulador de Voo CEA\Plugins for XPlane 11\CEA_Plugin\PracticalSocket.h(130,9): warning C4290: especificação de exceção de C++ ignorada exceto para indicar que a função não é __declspec(nothrow)
C:\Users\LSV-PC0\Desktop\Simulador de Voo CEA\Plugins for XPlane 11\CEA_Plugin\PracticalSocket.h(147,26): warning C4290: especificação de exceção de C++ ignorada exceto para indicar que a função não é __declspec(nothrow)
C:\Users\LSV-PC0\Desktop\Simulador de Voo CEA\Plugins for XPlane 11\CEA_Plugin\PracticalSocket.h(156,69): warning C4290: especificação de exceção de C++ ignorada exceto para indicar que a função não é __declspec(nothrow)
C:\Users\LSV-PC0\Desktop\Simulador de Voo CEA\Plugins for XPlane 11\CEA_Plugin\PracticalSocket.h(166,62): warning C4290: especificação de exceção de C++ ignorada exceto para indicar que a função não é __declspec(nothrow)
C:\Users\LSV-PC0\Desktop\Simulador de Voo CEA\Plugins for XPlane 11\CEA_Plugin\PracticalSocket.h(173,51): warning C4290: especificação de exceção de C++ ignorada exceto para indicar que a função não é __declspec(nothrow)
C:\Users\LSV-PC0\Desktop\Simulador de Voo CEA\Plugins for XPlane 11\CEA_Plugin\PracticalSocket.h(180,56): warning C4290: especificação de exceção de C++ ignorada exceto para indicar que a função não é __declspec(nothrow)
C:\Users\LSV-PC0\Desktop\Simulador de Voo CEA\Plugins for XPlane 11\CEA_Plugin\PracticalSocket.h(183,22): warning C4290: especificação de exceção de C++ ignorada exceto para indicar que a função não é __declspec(nothrow)
C:\Users\LSV-PC0\Desktop\Simulador de Voo CEA\Plugins for XPlane 11\CEA_Plugin\PracticalSocket.h(196,12): warning C4290: especificação de exceção de C++ ignorada exceto para indicar que a função não é __declspec(nothrow)
C:\Users\LSV-PC0\Desktop\Simulador de Voo CEA\Plugins for XPlane 11\CEA_Plugin\PracticalSocket.h(205,12): warning C4290: especificação de exceção de C++ ignorada exceto para indicar que a função não é __declspec(nothrow)
C:\Users\LSV-PC0\Desktop\Simulador de Voo CEA\Plugins for XPlane 11\CEA_Plugin\PracticalSocket.h(228,18): warning C4290: especificação de exceção de C++ ignorada exceto para indicar que a função não é __declspec(nothrow)
C:\Users\LSV-PC0\Desktop\Simulador de Voo CEA\Plugins for XPlane 11\CEA_Plugin\PracticalSocket.h(240,18): warning C4290: especificação de exceção de C++ ignorada exceto para indicar que a função não é __declspec(nothrow)
C:\Users\LSV-PC0\Desktop\Simulador de Voo CEA\Plugins for XPlane 11\CEA_Plugin\PracticalSocket.h(248,44): warning C4290: especificação de exceção de C++ ignorada exceto para indicar que a função não é __declspec(nothrow)
C:\Users\LSV-PC0\Desktop\Simulador de Voo CEA\Plugins for XPlane 11\CEA_Plugin\PracticalSocket.h(251,53): warning C4290: especificação de exceção de C++ ignorada exceto para indicar que a função não é __declspec(nothrow)
C:\Users\LSV-PC0\Desktop\Simulador de Voo CEA\Plugins for XPlane 11\CEA_Plugin\PracticalSocket.h(263,12): warning C4290: especificação de exceção de C++ ignorada exceto para indicar que a função não é __declspec(nothrow)
C:\Users\LSV-PC0\Desktop\Simulador de Voo CEA\Plugins for XPlane 11\CEA_Plugin\PracticalSocket.h(270,12): warning C4290: especificação de exceção de C++ ignorada exceto para indicar que a função não é __declspec(nothrow)
C:\Users\LSV-PC0\Desktop\Simulador de Voo CEA\Plugins for XPlane 11\CEA_Plugin\PracticalSocket.h(278,12): warning C4290: especificação de exceção de C++ ignorada exceto para indicar que a função não é __declspec(nothrow)
C:\Users\LSV-PC0\Desktop\Simulador de Voo CEA\Plugins for XPlane 11\CEA_Plugin\PracticalSocket.h(286,42): warning C4290: especificação de exceção de C++ ignorada exceto para indicar que a função não é __declspec(nothrow)
C:\Users\LSV-PC0\Desktop\Simulador de Voo CEA\Plugins for XPlane 11\CEA_Plugin\PracticalSocket.h(299,62): warning C4290: especificação de exceção de C++ ignorada exceto para indicar que a função não é __declspec(nothrow)
C:\Users\LSV-PC0\Desktop\Simulador de Voo CEA\Plugins for XPlane 11\CEA_Plugin\PracticalSocket.h(312,65): warning C4290: especificação de exceção de C++ ignorada exceto para indicar que a função não é __declspec(nothrow)
C:\Users\LSV-PC0\Desktop\Simulador de Voo CEA\Plugins for XPlane 11\CEA_Plugin\PracticalSocket.h(319,73): warning C4290: especificação de exceção de C++ ignorada exceto para indicar que a função não é __declspec(nothrow)
C:\Users\LSV-PC0\Desktop\Simulador de Voo CEA\Plugins for XPlane 11\CEA_Plugin\PracticalSocket.h(326,69): warning C4290: especificação de exceção de C++ ignorada exceto para indicar que a função não é __declspec(nothrow)
C:\Users\LSV-PC0\Desktop\Simulador de Voo CEA\Plugins for XPlane 11\CEA_Plugin\PracticalSocket.h(333,70): warning C4290: especificação de exceção de C++ ignorada exceto para indicar que a função não é __declspec(nothrow)
C:\Users\LSV-PC0\Desktop\Simulador de Voo CEA\Plugins for XPlane 11\CEA_Plugin\PracticalSocket.cpp(80,61): warning C4290: especificação de exceção de C++ ignorada exceto para indicar que a função não é __declspec(nothrow)
C:\Users\LSV-PC0\Desktop\Simulador de Voo CEA\Plugins for XPlane 11\CEA_Plugin\PracticalSocket.cpp(95,25): warning C4244: '=': conversão de 'SOCKET' para 'int', possível perda de dados
C:\Users\LSV-PC0\Desktop\Simulador de Voo CEA\Plugins for XPlane 11\CEA_Plugin\PracticalSocket.cpp(113,55): warning C4290: especificação de exceção de C++ ignorada exceto para indicar que a função não é __declspec(nothrow)
C:\Users\LSV-PC0\Desktop\Simulador de Voo CEA\Plugins for XPlane 11\CEA_Plugin\PracticalSocket.cpp(123,60): warning C4290: especificação de exceção de C++ ignorada exceto para indicar que a função não é __declspec(nothrow)
C:\Users\LSV-PC0\Desktop\Simulador de Voo CEA\Plugins for XPlane 11\CEA_Plugin\PracticalSocket.cpp(133,74): warning C4290: especificação de exceção de C++ ignorada exceto para indicar que a função não é __declspec(nothrow)
C:\Users\LSV-PC0\Desktop\Simulador de Voo CEA\Plugins for XPlane 11\CEA_Plugin\PracticalSocket.cpp(147,52): warning C4290: especificação de exceção de C++ ignorada exceto para indicar que a função não é __declspec(nothrow)
C:\Users\LSV-PC0\Desktop\Simulador de Voo CEA\Plugins for XPlane 11\CEA_Plugin\PracticalSocket.cpp(157,45): warning C4290: especificação de exceção de C++ ignorada exceto para indicar que a função não é __declspec(nothrow)
C:\Users\LSV-PC0\Desktop\Simulador de Voo CEA\Plugins for XPlane 11\CEA_Plugin\PracticalSocket.cpp(178,26): warning C4290: especificação de exceção de C++ ignorada exceto para indicar que a função não é __declspec(nothrow)
C:\Users\LSV-PC0\Desktop\Simulador de Voo CEA\Plugins for XPlane 11\CEA_Plugin\PracticalSocket.cpp(185,54): warning C4290: especificação de exceção de C++ ignorada exceto para indicar que a função não é __declspec(nothrow)
C:\Users\LSV-PC0\Desktop\Simulador de Voo CEA\Plugins for XPlane 11\CEA_Plugin\PracticalSocket.cpp(197,26): warning C4290: especificação de exceção de C++ ignorada exceto para indicar que a função não é __declspec(nothrow)
C:\Users\LSV-PC0\Desktop\Simulador de Voo CEA\Plugins for XPlane 11\CEA_Plugin\PracticalSocket.cpp(204,26): warning C4290: especificação de exceção de C++ ignorada exceto para indicar que a função não é __declspec(nothrow)
C:\Users\LSV-PC0\Desktop\Simulador de Voo CEA\Plugins for XPlane 11\CEA_Plugin\PracticalSocket.cpp(214,26): warning C4290: especificação de exceção de C++ ignorada exceto para indicar que a função não é __declspec(nothrow)
C:\Users\LSV-PC0\Desktop\Simulador de Voo CEA\Plugins for XPlane 11\CEA_Plugin\PracticalSocket.cpp(224,75): warning C4290: especificação de exceção de C++ ignorada exceto para indicar que a função não é __declspec(nothrow)
C:\Users\LSV-PC0\Desktop\Simulador de Voo CEA\Plugins for XPlane 11\CEA_Plugin\PracticalSocket.cpp(237,26): warning C4290: especificação de exceção de C++ ignorada exceto para indicar que a função não é __declspec(nothrow)
C:\Users\LSV-PC0\Desktop\Simulador de Voo CEA\Plugins for XPlane 11\CEA_Plugin\PracticalSocket.cpp(242,26): warning C4290: especificação de exceção de C++ ignorada exceto para indicar que a função não é __declspec(nothrow)
C:\Users\LSV-PC0\Desktop\Simulador de Voo CEA\Plugins for XPlane 11\CEA_Plugin\PracticalSocket.cpp(252,26): warning C4290: especificação de exceção de C++ ignorada exceto para indicar que a função não é __declspec(nothrow)
C:\Users\LSV-PC0\Desktop\Simulador de Voo CEA\Plugins for XPlane 11\CEA_Plugin\PracticalSocket.cpp(259,26): warning C4290: especificação de exceção de C++ ignorada exceto para indicar que a função não é __declspec(nothrow)
C:\Users\LSV-PC0\Desktop\Simulador de Voo CEA\Plugins for XPlane 11\CEA_Plugin\PracticalSocket.cpp(264,59): warning C4290: especificação de exceção de C++ ignorada exceto para indicar que a função não é __declspec(nothrow)
C:\Users\LSV-PC0\Desktop\Simulador de Voo CEA\Plugins for XPlane 11\CEA_Plugin\PracticalSocket.cpp(266,28): warning C4244: '=': conversão de 'SOCKET' para 'int', possível perda de dados
C:\Users\LSV-PC0\Desktop\Simulador de Voo CEA\Plugins for XPlane 11\CEA_Plugin\PracticalSocket.cpp(273,68): warning C4290: especificação de exceção de C++ ignorada exceto para indicar que a função não é __declspec(nothrow)
C:\Users\LSV-PC0\Desktop\Simulador de Voo CEA\Plugins for XPlane 11\CEA_Plugin\PracticalSocket.cpp(281,45): warning C4290: especificação de exceção de C++ ignorada exceto para indicar que a função não é __declspec(nothrow)
C:\Users\LSV-PC0\Desktop\Simulador de Voo CEA\Plugins for XPlane 11\CEA_Plugin\PracticalSocket.cpp(286,70): warning C4290: especificação de exceção de C++ ignorada exceto para indicar que a função não é __declspec(nothrow)
C:\Users\LSV-PC0\Desktop\Simulador de Voo CEA\Plugins for XPlane 11\CEA_Plugin\PracticalSocket.cpp(293,27): warning C4290: especificação de exceção de C++ ignorada exceto para indicar que a função não é __declspec(nothrow)
C:\Users\LSV-PC0\Desktop\Simulador de Voo CEA\Plugins for XPlane 11\CEA_Plugin\PracticalSocket.cpp(306,51): warning C4290: especificação de exceção de C++ ignorada exceto para indicar que a função não é __declspec(nothrow)
C:\Users\LSV-PC0\Desktop\Simulador de Voo CEA\Plugins for XPlane 11\CEA_Plugin\PracticalSocket.cpp(325,26): warning C4290: especificação de exceção de C++ ignorada exceto para indicar que a função não é __declspec(nothrow)
C:\Users\LSV-PC0\Desktop\Simulador de Voo CEA\Plugins for XPlane 11\CEA_Plugin\PracticalSocket.cpp(337,54): warning C4290: especificação de exceção de C++ ignorada exceto para indicar que a função não é __declspec(nothrow)
C:\Users\LSV-PC0\Desktop\Simulador de Voo CEA\Plugins for XPlane 11\CEA_Plugin\PracticalSocket.cpp(351,82): warning C4290: especificação de exceção de C++ ignorada exceto para indicar que a função não é __declspec(nothrow)
C:\Users\LSV-PC0\Desktop\Simulador de Voo CEA\Plugins for XPlane 11\CEA_Plugin\PracticalSocket.cpp(358,78): warning C4290: especificação de exceção de C++ ignorada exceto para indicar que a função não é __declspec(nothrow)
C:\Users\LSV-PC0\Desktop\Simulador de Voo CEA\Plugins for XPlane 11\CEA_Plugin\PracticalSocket.cpp(370,79): warning C4290: especificação de exceção de C++ ignorada exceto para indicar que a função não é __declspec(nothrow)
  Gerando Código...
     Criando biblioteca .\Release\64\Override.lib e objeto .\Release\64\Override.exp
  CEA_UFMG_plugin.vcxproj -> C:\Users\LSV-PC0\Desktop\Simulador de Voo CEA\Plugins for XPlane 11\CEA_Plugin\Release\plugins\CEA_UFMG_plugin\64\win.xpl
